android/app/build/intermediates/manifest_merge_blame_file/debug/manifest-merger-blame-debug-report.txt
1<?xml version="1.0" encoding="utf-8"?>
2<manifest xmlns:android="http://schemas.android.com/apk/res/android"
3    package="com.agoravideocall"
4    android:versionCode="1"
5    android:versionName="1.0" >
6
7    <uses-sdk
8        android:minSdkVersion="21"
9        android:targetSdkVersion="31" />
10
11    <uses-permission android:name="android.permission.SYSTEM_ALERT_WINDOW" />
11-->src/main/AndroidManifest.xml:9:5-77
11-->src/main/AndroidManifest.xml:9:22-75
12    <uses-permission android:name="android.permission.INTERNET" />
12-->src/main/AndroidManifest.xml:4:5-67
12-->src/main/AndroidManifest.xml:4:22-64
13    <uses-permission android:name="android.permission.ACCESS_NETWORK_STATE" />
13-->src/main/AndroidManifest.xml:5:5-79
13-->src/main/AndroidManifest.xml:5:22-76
14    <uses-permission android:name="android.permission.CAMERA" />
14-->src/main/AndroidManifest.xml:6:5-64
14-->src/main/AndroidManifest.xml:6:22-62
15
16    <uses-feature
16-->src/main/AndroidManifest.xml:7:5-85
17        android:name="android.hardware.camera"
17-->src/main/AndroidManifest.xml:7:19-57
18        android:required="false" />
18-->src/main/AndroidManifest.xml:7:58-82
19    <uses-feature
19-->src/main/AndroidManifest.xml:8:5-91
20        android:name="android.hardware.camera.front"
20-->src/main/AndroidManifest.xml:8:19-63
21        android:required="false" />
21-->src/main/AndroidManifest.xml:8:64-88
22
23    <uses-permission android:name="android.permission.READ_EXTERNAL_STORAGE" />
23-->src/main/AndroidManifest.xml:10:5-80
23-->src/main/AndroidManifest.xml:10:22-77
24    <uses-permission android:name="android.permission.WRITE_EXTERNAL_STORAGE" />
24-->src/main/AndroidManifest.xml:11:5-81
24-->src/main/AndroidManifest.xml:11:22-78
25    <uses-permission android:name="android.permission.DOWNLOAD_WITHOUT_NOTIFICATION" />
25-->src/main/AndroidManifest.xml:12:5-88
25-->src/main/AndroidManifest.xml:12:22-85
26    <uses-permission android:name="android.permission.ACCESS_FINE_LOCATION" />
26-->src/main/AndroidManifest.xml:13:5-79
26-->src/main/AndroidManifest.xml:13:22-76
27    <uses-permission android:name="android.permission.MANAGE_EXTERNAL_STORAGE" />
27-->src/main/AndroidManifest.xml:14:5-82
27-->src/main/AndroidManifest.xml:14:22-79
28    <uses-permission android:name="android.permission.ACCESS_WIFI_STATE" />
28-->[com.facebook.flipper:flipper:0.125.0] AndroidManifest.xml:16:5-76
28-->[com.facebook.flipper:flipper:0.125.0] AndroidManifest.xml:16:22-73
29
30    <application
30-->src/main/AndroidManifest.xml:16:5-35:19
31        android:name="com.agoravideocall.MainApplication"
31-->src/main/AndroidManifest.xml:17:7-38
32        android:allowBackup="false"
32-->src/main/AndroidManifest.xml:21:7-34
33        android:appComponentFactory="androidx.core.app.CoreComponentFactory"
33-->[androidx.core:core:1.5.0] AndroidManifest.xml:24:18-86
34        android:debuggable="true"
35        android:icon="@mipmap/ic_launcher"
35-->src/main/AndroidManifest.xml:19:7-41
36        android:label="@string/app_name"
36-->src/main/AndroidManifest.xml:18:7-39
37        android:roundIcon="@mipmap/ic_launcher_round"
37-->src/main/AndroidManifest.xml:20:7-52
38        android:theme="@style/AppTheme"
38-->src/main/AndroidManifest.xml:22:7-38
39        android:usesCleartextTraffic="true" >
39-->src/debug/AndroidManifest.xml:8:9-44
40        <activity
40-->src/debug/AndroidManifest.xml:11:9-111
41            android:name="com.facebook.react.devsupport.DevSettingsActivity"
41-->src/debug/AndroidManifest.xml:11:19-83
42            android:exported="false" />
42-->src/debug/AndroidManifest.xml:11:84-108
43        <activity
43-->src/main/AndroidManifest.xml:23:7-34:18
44            android:name="com.agoravideocall.MainActivity"
44-->src/main/AndroidManifest.xml:24:9-37
45            android:configChanges="keyboard|keyboardHidden|orientation|screenLayout|screenSize|smallestScreenSize|uiMode"
45-->src/main/AndroidManifest.xml:26:9-118
46            android:exported="true"
46-->src/main/AndroidManifest.xml:29:9-32
47            android:label="@string/app_name"
47-->src/main/AndroidManifest.xml:25:9-41
48            android:launchMode="singleTask"
48-->src/main/AndroidManifest.xml:27:9-40
49            android:windowSoftInputMode="adjustResize" >
49-->src/main/AndroidManifest.xml:28:9-51
50            <intent-filter>
50-->src/main/AndroidManifest.xml:30:9-33:25
51                <action android:name="android.intent.action.MAIN" />
51-->src/main/AndroidManifest.xml:31:13-65
51-->src/main/AndroidManifest.xml:31:21-62
52
53                <category android:name="android.intent.category.LAUNCHER" />
53-->src/main/AndroidManifest.xml:32:13-73
53-->src/main/AndroidManifest.xml:32:23-70
54            </intent-filter>
55        </activity>
56    </application>
57
58</manifest>